Arguments: 
  C:\Program Files\nodejs\node.exe C:\Program Files (x86)\Yarn\bin\yarn.js install

PATH: 
  C:\Users\jheraldlacambra\bin;C:\Program Files\Git\mingw64\bin;C:\Program Files\Git\usr\local\bin;C:\Program Files\Git\usr\bin;C:\Program Files\Git\usr\bin;C:\Program Files\Git\mingw64\bin;C:\Program Files\Git\usr\bin;C:\Users\jheraldlacambra\bin;C:\Program Files (x86)\Common Files\Oracle\Java\javapath;C:\ProgramData\Oracle\Java\javapath;C:\WINDOWS\system32;C:\WINDOWS;C:\WINDOWS\System32\Wbem;C:\WINDOWS\System32\WindowsPowerShell\v1.0;C:\WINDOWS\System32\OpenSSH;C:\Program Files\Amazon\AWSCLI;C:\Program Files\Microsoft VS Code\bin;C:\Program Files\Git\cmd;C:\Program Files\Git\mingw64\bin;C:\Program Files\Git\usr\bin;C:\opscode\chefdk\bin;C:\myfiles\php\php7;C:\myfiles\lib\packer_1.4.5_windows_amd64;C:\composer;C:\Program Files\PuTTY;C:\Users\jheraldlacambra\AppData\Local\Programs\Python\Python37;C:\HashiCorp\Vagrant\bin;C:\myfiles\lib\apache-maven-3.3.9\bin;C:\Program Files\Java\jdk1.8.0_161\bin;C:\myfiles\workspace\cami-automation\cami\browsers\IEDriverServer.exe;C:\Program Files (x86)\Yarn\bin;C:\Program Files\Intel\WiFi\bin;C:\Program Files\Common Files\Intel\WirelessCommon;C:\Program Files (x86)\Intel\Intel(R) Management Engine Components\DAL;C:\Program Files\Intel\Intel(R) Management Engine Components\DAL;C:\Program Files\MySQL\MySQL Utilities 1.6;C:\Program Files\Amazon\ECSCLI;C:\Program Files\nodejs;%APPDATA%\npm;C:\Users\jheraldlacambra\AppData\Local\Microsoft\WindowsApps;C:\Program Files\JetBrains\PyCharm 2019.1.1\bin;C:\Program Files\JetBrains\PyCharm Community Edition 2019.1.1\bin;C:\Users\jheraldlacambra\AppData\Roaming\Composer\vendor\bin;C:\Program Files\Docker Toolbox;C:\Users\jheraldlacambra\AppData\Roaming\npm;C:\Users\jheraldlacambra\AppData\Local\Yarn\bin;C:\Users\jheraldlacambra\AppData\Roaming\npm;C:\Program Files\Git\usr\bin\vendor_perl;C:\Program Files\Git\usr\bin\core_perl

Yarn version: 
  1.17.3

Node version: 
  12.18.2

Platform: 
  win32 x64

Trace: 
  Error: https://registry.yarnpkg.com/core-js/-/core-js-2.6.12.tgz: ESOCKETTIMEDOUT
      at ClientRequest.<anonymous> (C:\Program Files (x86)\Yarn\lib\cli.js:141091:19)
      at Object.onceWrapper (events.js:421:28)
      at ClientRequest.emit (events.js:315:20)
      at TLSSocket.emitRequestTimeout (_http_client.js:709:9)
      at Object.onceWrapper (events.js:421:28)
      at TLSSocket.emit (events.js:327:22)
      at TLSSocket.Socket._onTimeout (net.js:481:8)
      at listOnTimeout (internal/timers.js:549:17)
      at processTimers (internal/timers.js:492:7)

npm manifest: 
  {
    "name": "app",
    "version": "0.1.0",
    "private": true,
    "scripts": {
      "serve": "vue-cli-service serve",
      "build": "vue-cli-service build",
      "test:unit": "vue-cli-service test:unit"
    },
    "dependencies": {
      "bootstrap": "^4.5.3",
      "bootstrap-vue": "^2.20.1",
      "core-js": "^3.6.5",
      "register-service-worker": "^1.7.1",
      "vue": "^2.6.11",
      "vue-router": "^3.2.0"
    },
    "devDependencies": {
      "@vue/cli-plugin-babel": "~4.5.0",
      "@vue/cli-plugin-pwa": "~4.5.0",
      "@vue/cli-plugin-router": "~4.5.0",
      "@vue/cli-plugin-unit-mocha": "~4.5.0",
      "@vue/cli-service": "~4.5.0",
      "@vue/test-utils": "^1.0.3",
      "chai": "^4.1.2",
      "node-sass": "^4.12.0",
      "sass-loader": "^8.0.2",
      "vue-template-compiler": "^2.6.11"
    }
  }

yarn manifest: 
  No manifest

Lockfile: 
  No lockfile
